CRITICAL - 2021-07-12 15:38:45 --> Trying to access array offset on value of type null
#0 /opt/lampp/htdocs/vms/backend/app/Libraries/UsersModelLibrary.php(26): CodeIgniter\Debug\Exceptions->errorHandler(8, 'Trying to acces...', '/opt/lampp/htdo...', 26, Array)
#1 /opt/lampp/htdocs/vms/backend/app/Controllers/User.php(67): App\Libraries\UsersModelLibrary->isAuthorizedAdmin('aa6b3a499bac5af...')
#2 /opt/lampp/htdocs/vms/backend/system/CodeIgniter.php(936): App\Controllers\User->show('1')
#3 /opt/lampp/htdocs/vms/backend/system/CodeIgniter.php(432): CodeIgniter\CodeIgniter->runController(Object(App\Controllers\User))
#4 /opt/lampp/htdocs/vms/backend/system/CodeIgniter.php(333): CodeIgniter\CodeIgniter->handleRequest(NULL, Object(Config\Cache), false)
#5 /opt/lampp/htdocs/vms/backend/public/index.php(44): CodeIgniter\CodeIgniter->run()
#6 {main}
CRITICAL - 2021-07-12 15:38:52 --> Trying to access array offset on value of type null
#0 /opt/lampp/htdocs/vms/backend/app/Libraries/UsersModelLibrary.php(26): CodeIgniter\Debug\Exceptions->errorHandler(8, 'Trying to acces...', '/opt/lampp/htdo...', 26, Array)
#1 /opt/lampp/htdocs/vms/backend/app/Controllers/User.php(67): App\Libraries\UsersModelLibrary->isAuthorizedAdmin('aa6b3a499bac5af...')
#2 /opt/lampp/htdocs/vms/backend/system/CodeIgniter.php(936): App\Controllers\User->show('2')
#3 /opt/lampp/htdocs/vms/backend/system/CodeIgniter.php(432): CodeIgniter\CodeIgniter->runController(Object(App\Controllers\User))
#4 /opt/lampp/htdocs/vms/backend/system/CodeIgniter.php(333): CodeIgniter\CodeIgniter->handleRequest(NULL, Object(Config\Cache), false)
#5 /opt/lampp/htdocs/vms/backend/public/index.php(44): CodeIgniter\CodeIgniter->run()
#6 {main}
CRITICAL - 2021-07-12 15:43:29 --> Trying to access array offset on value of type null
#0 /opt/lampp/htdocs/vms/backend/app/Libraries/UsersModelLibrary.php(26): CodeIgniter\Debug\Exceptions->errorHandler(8, 'Trying to acces...', '/opt/lampp/htdo...', 26, Array)
#1 /opt/lampp/htdocs/vms/backend/app/Controllers/User.php(67): App\Libraries\UsersModelLibrary->isAuthorizedAdmin('2', 'aa6b3a499bac5af...')
#2 /opt/lampp/htdocs/vms/backend/system/CodeIgniter.php(936): App\Controllers\User->show('2')
#3 /opt/lampp/htdocs/vms/backend/system/CodeIgniter.php(432): CodeIgniter\CodeIgniter->runController(Object(App\Controllers\User))
#4 /opt/lampp/htdocs/vms/backend/system/CodeIgniter.php(333): CodeIgniter\CodeIgniter->handleRequest(NULL, Object(Config\Cache), false)
#5 /opt/lampp/htdocs/vms/backend/public/index.php(44): CodeIgniter\CodeIgniter->run()
#6 {main}
CRITICAL - 2021-07-12 15:43:37 --> Trying to access array offset on value of type null
#0 /opt/lampp/htdocs/vms/backend/app/Libraries/UsersModelLibrary.php(26): CodeIgniter\Debug\Exceptions->errorHandler(8, 'Trying to acces...', '/opt/lampp/htdo...', 26, Array)
#1 /opt/lampp/htdocs/vms/backend/app/Controllers/User.php(67): App\Libraries\UsersModelLibrary->isAuthorizedAdmin('1', 'aa6b3a499bac5af...')
#2 /opt/lampp/htdocs/vms/backend/system/CodeIgniter.php(936): App\Controllers\User->show('1')
#3 /opt/lampp/htdocs/vms/backend/system/CodeIgniter.php(432): CodeIgniter\CodeIgniter->runController(Object(App\Controllers\User))
#4 /opt/lampp/htdocs/vms/backend/system/CodeIgniter.php(333): CodeIgniter\CodeIgniter->handleRequest(NULL, Object(Config\Cache), false)
#5 /opt/lampp/htdocs/vms/backend/public/index.php(44): CodeIgniter\CodeIgniter->run()
#6 {main}
CRITICAL - 2021-07-12 15:44:01 --> Trying to access array offset on value of type null
#0 /opt/lampp/htdocs/vms/backend/app/Libraries/UsersModelLibrary.php(26): CodeIgniter\Debug\Exceptions->errorHandler(8, 'Trying to acces...', '/opt/lampp/htdo...', 26, Array)
#1 /opt/lampp/htdocs/vms/backend/app/Controllers/User.php(67): App\Libraries\UsersModelLibrary->isAuthorizedAdmin(NULL, 'aa6b3a499bac5af...')
#2 /opt/lampp/htdocs/vms/backend/system/CodeIgniter.php(936): App\Controllers\User->show('1')
#3 /opt/lampp/htdocs/vms/backend/system/CodeIgniter.php(432): CodeIgniter\CodeIgniter->runController(Object(App\Controllers\User))
#4 /opt/lampp/htdocs/vms/backend/system/CodeIgniter.php(333): CodeIgniter\CodeIgniter->handleRequest(NULL, Object(Config\Cache), false)
#5 /opt/lampp/htdocs/vms/backend/public/index.php(44): CodeIgniter\CodeIgniter->run()
#6 {main}
CRITICAL - 2021-07-12 15:44:45 --> Trying to access array offset on value of type null
#0 /opt/lampp/htdocs/vms/backend/app/Libraries/UsersModelLibrary.php(26): CodeIgniter\Debug\Exceptions->errorHandler(8, 'Trying to acces...', '/opt/lampp/htdo...', 26, Array)
#1 /opt/lampp/htdocs/vms/backend/app/Controllers/User.php(67): App\Libraries\UsersModelLibrary->isAuthorizedAdmin('aa6b3a499bac5af...')
#2 /opt/lampp/htdocs/vms/backend/system/CodeIgniter.php(936): App\Controllers\User->show('1')
#3 /opt/lampp/htdocs/vms/backend/system/CodeIgniter.php(432): CodeIgniter\CodeIgniter->runController(Object(App\Controllers\User))
#4 /opt/lampp/htdocs/vms/backend/system/CodeIgniter.php(333): CodeIgniter\CodeIgniter->handleRequest(NULL, Object(Config\Cache), false)
#5 /opt/lampp/htdocs/vms/backend/public/index.php(44): CodeIgniter\CodeIgniter->run()
#6 {main}
CRITICAL - 2021-07-12 15:48:07 --> Trying to access array offset on value of type null
#0 /opt/lampp/htdocs/vms/backend/app/Libraries/UsersModelLibrary.php(49): CodeIgniter\Debug\Exceptions->errorHandler(8, 'Trying to acces...', '/opt/lampp/htdo...', 49, Array)
#1 /opt/lampp/htdocs/vms/backend/app/Controllers/User.php(68): App\Libraries\UsersModelLibrary->isAuthorizedUser('1', 'aa6b3a499bac5af...')
#2 /opt/lampp/htdocs/vms/backend/system/CodeIgniter.php(936): App\Controllers\User->show('1')
#3 /opt/lampp/htdocs/vms/backend/system/CodeIgniter.php(432): CodeIgniter\CodeIgniter->runController(Object(App\Controllers\User))
#4 /opt/lampp/htdocs/vms/backend/system/CodeIgniter.php(333): CodeIgniter\CodeIgniter->handleRequest(NULL, Object(Config\Cache), false)
#5 /opt/lampp/htdocs/vms/backend/public/index.php(44): CodeIgniter\CodeIgniter->run()
#6 {main}
CRITICAL - 2021-07-12 15:48:35 --> Trying to access array offset on value of type null
#0 /opt/lampp/htdocs/vms/backend/app/Libraries/UsersModelLibrary.php(49): CodeIgniter\Debug\Exceptions->errorHandler(8, 'Trying to acces...', '/opt/lampp/htdo...', 49, Array)
#1 /opt/lampp/htdocs/vms/backend/app/Controllers/User.php(68): App\Libraries\UsersModelLibrary->isAuthorizedUser('2', 'aa6b3a499bac5af...')
#2 /opt/lampp/htdocs/vms/backend/system/CodeIgniter.php(936): App\Controllers\User->show('2')
#3 /opt/lampp/htdocs/vms/backend/system/CodeIgniter.php(432): CodeIgniter\CodeIgniter->runController(Object(App\Controllers\User))
#4 /opt/lampp/htdocs/vms/backend/system/CodeIgniter.php(333): CodeIgniter\CodeIgniter->handleRequest(NULL, Object(Config\Cache), false)
#5 /opt/lampp/htdocs/vms/backend/public/index.php(44): CodeIgniter\CodeIgniter->run()
#6 {main}
CRITICAL - 2021-07-12 20:54:48 --> Undefined property: App\Controllers\Hello::$input
#0 /opt/lampp/htdocs/vms/backend/app/Controllers/Hello.php(10): CodeIgniter\Debug\Exceptions->errorHandler(8, 'Undefined prope...', '/opt/lampp/htdo...', 10, Array)
#1 /opt/lampp/htdocs/vms/backend/system/CodeIgniter.php(936): App\Controllers\Hello->index()
#2 /opt/lampp/htdocs/vms/backend/system/CodeIgniter.php(432): CodeIgniter\CodeIgniter->runController(Object(App\Controllers\Hello))
#3 /opt/lampp/htdocs/vms/backend/system/CodeIgniter.php(333): CodeIgniter\CodeIgniter->handleRequest(NULL, Object(Config\Cache), false)
#4 /opt/lampp/htdocs/vms/backend/public/index.php(44): CodeIgniter\CodeIgniter->run()
#5 {main}
CRITICAL - 2021-07-12 21:04:52 --> Undefined property: App\Controllers\Hello::$input
#0 /opt/lampp/htdocs/vms/backend/app/Controllers/Hello.php(10): CodeIgniter\Debug\Exceptions->errorHandler(8, 'Undefined prope...', '/opt/lampp/htdo...', 10, Array)
#1 /opt/lampp/htdocs/vms/backend/system/CodeIgniter.php(936): App\Controllers\Hello->index()
#2 /opt/lampp/htdocs/vms/backend/system/CodeIgniter.php(432): CodeIgniter\CodeIgniter->runController(Object(App\Controllers\Hello))
#3 /opt/lampp/htdocs/vms/backend/system/CodeIgniter.php(333): CodeIgniter\CodeIgniter->handleRequest(NULL, Object(Config\Cache), false)
#4 /opt/lampp/htdocs/vms/backend/public/index.php(44): CodeIgniter\CodeIgniter->run()
#5 {main}
CRITICAL - 2021-07-12 21:13:16 --> Undefined property: App\Controllers\Hello::$uri
#0 /opt/lampp/htdocs/vms/backend/app/Controllers/Hello.php(10): CodeIgniter\Debug\Exceptions->errorHandler(8, 'Undefined prope...', '/opt/lampp/htdo...', 10, Array)
#1 /opt/lampp/htdocs/vms/backend/system/CodeIgniter.php(936): App\Controllers\Hello->index()
#2 /opt/lampp/htdocs/vms/backend/system/CodeIgniter.php(432): CodeIgniter\CodeIgniter->runController(Object(App\Controllers\Hello))
#3 /opt/lampp/htdocs/vms/backend/system/CodeIgniter.php(333): CodeIgniter\CodeIgniter->handleRequest(NULL, Object(Config\Cache), false)
#4 /opt/lampp/htdocs/vms/backend/public/index.php(44): CodeIgniter\CodeIgniter->run()
#5 {main}
CRITICAL - 2021-07-12 21:22:36 --> Illegal string offset 'val'
#0 /opt/lampp/htdocs/vms/backend/app/Controllers/Hello.php(11): CodeIgniter\Debug\Exceptions->errorHandler(2, 'Illegal string ...', '/opt/lampp/htdo...', 11, Array)
#1 /opt/lampp/htdocs/vms/backend/system/CodeIgniter.php(936): App\Controllers\Hello->index()
#2 /opt/lampp/htdocs/vms/backend/system/CodeIgniter.php(432): CodeIgniter\CodeIgniter->runController(Object(App\Controllers\Hello))
#3 /opt/lampp/htdocs/vms/backend/system/CodeIgniter.php(333): CodeIgniter\CodeIgniter->handleRequest(NULL, Object(Config\Cache), false)
#4 /opt/lampp/htdocs/vms/backend/public/index.php(44): CodeIgniter\CodeIgniter->run()
#5 {main}
CRITICAL - 2021-07-12 21:29:52 --> Uninitialized string offset: 9
#0 /opt/lampp/htdocs/vms/backend/app/Controllers/Hello.php(11): CodeIgniter\Debug\Exceptions->errorHandler(8, 'Uninitialized s...', '/opt/lampp/htdo...', 11, Array)
#1 /opt/lampp/htdocs/vms/backend/system/CodeIgniter.php(936): App\Controllers\Hello->index()
#2 /opt/lampp/htdocs/vms/backend/system/CodeIgniter.php(432): CodeIgniter\CodeIgniter->runController(Object(App\Controllers\Hello))
#3 /opt/lampp/htdocs/vms/backend/system/CodeIgniter.php(333): CodeIgniter\CodeIgniter->handleRequest(NULL, Object(Config\Cache), false)
#4 /opt/lampp/htdocs/vms/backend/public/index.php(44): CodeIgniter\CodeIgniter->run()
#5 {main}
CRITICAL - 2021-07-12 21:37:13 --> Illegal offset type
#0 /opt/lampp/htdocs/vms/backend/app/Controllers/Hello.php(11): CodeIgniter\Debug\Exceptions->errorHandler(2, 'Illegal offset ...', '/opt/lampp/htdo...', 11, Array)
#1 /opt/lampp/htdocs/vms/backend/system/CodeIgniter.php(936): App\Controllers\Hello->index()
#2 /opt/lampp/htdocs/vms/backend/system/CodeIgniter.php(432): CodeIgniter\CodeIgniter->runController(Object(App\Controllers\Hello))
#3 /opt/lampp/htdocs/vms/backend/system/CodeIgniter.php(333): CodeIgniter\CodeIgniter->handleRequest(NULL, Object(Config\Cache), false)
#4 /opt/lampp/htdocs/vms/backend/public/index.php(44): CodeIgniter\CodeIgniter->run()
#5 {main}
CRITICAL - 2021-07-12 21:37:30 --> Illegal string offset 'val'
#0 /opt/lampp/htdocs/vms/backend/app/Controllers/Hello.php(11): CodeIgniter\Debug\Exceptions->errorHandler(2, 'Illegal string ...', '/opt/lampp/htdo...', 11, Array)
#1 /opt/lampp/htdocs/vms/backend/system/CodeIgniter.php(936): App\Controllers\Hello->index()
#2 /opt/lampp/htdocs/vms/backend/system/CodeIgniter.php(432): CodeIgniter\CodeIgniter->runController(Object(App\Controllers\Hello))
#3 /opt/lampp/htdocs/vms/backend/system/CodeIgniter.php(333): CodeIgniter\CodeIgniter->handleRequest(NULL, Object(Config\Cache), false)
#4 /opt/lampp/htdocs/vms/backend/public/index.php(44): CodeIgniter\CodeIgniter->run()
#5 {main}
CRITICAL - 2021-07-12 21:46:03 --> Undefined property: CodeIgniter\HTTP\IncomingRequest::$input
#0 /opt/lampp/htdocs/vms/backend/app/Controllers/Hello.php(10): CodeIgniter\Debug\Exceptions->errorHandler(8, 'Undefined prope...', '/opt/lampp/htdo...', 10, Array)
#1 /opt/lampp/htdocs/vms/backend/system/CodeIgniter.php(936): App\Controllers\Hello->index()
#2 /opt/lampp/htdocs/vms/backend/system/CodeIgniter.php(432): CodeIgniter\CodeIgniter->runController(Object(App\Controllers\Hello))
#3 /opt/lampp/htdocs/vms/backend/system/CodeIgniter.php(333): CodeIgniter\CodeIgniter->handleRequest(NULL, Object(Config\Cache), false)
#4 /opt/lampp/htdocs/vms/backend/public/index.php(44): CodeIgniter\CodeIgniter->run()
#5 {main}
CRITICAL - 2021-07-12 21:46:14 --> Call to undefined method CodeIgniter\HTTP\IncomingRequest::get()
#0 /opt/lampp/htdocs/vms/backend/system/CodeIgniter.php(936): App\Controllers\Hello->index()
#1 /opt/lampp/htdocs/vms/backend/system/CodeIgniter.php(432): CodeIgniter\CodeIgniter->runController(Object(App\Controllers\Hello))
#2 /opt/lampp/htdocs/vms/backend/system/CodeIgniter.php(333): CodeIgniter\CodeIgniter->handleRequest(NULL, Object(Config\Cache), false)
#3 /opt/lampp/htdocs/vms/backend/public/index.php(44): CodeIgniter\CodeIgniter->run()
#4 {main}
CRITICAL - 2021-07-12 21:48:16 --> Undefined property: App\Controllers\Hello::$input
#0 /opt/lampp/htdocs/vms/backend/app/Controllers/Hello.php(10): CodeIgniter\Debug\Exceptions->errorHandler(8, 'Undefined prope...', '/opt/lampp/htdo...', 10, Array)
#1 /opt/lampp/htdocs/vms/backend/system/CodeIgniter.php(936): App\Controllers\Hello->index()
#2 /opt/lampp/htdocs/vms/backend/system/CodeIgniter.php(432): CodeIgniter\CodeIgniter->runController(Object(App\Controllers\Hello))
#3 /opt/lampp/htdocs/vms/backend/system/CodeIgniter.php(333): CodeIgniter\CodeIgniter->handleRequest(NULL, Object(Config\Cache), false)
#4 /opt/lampp/htdocs/vms/backend/public/index.php(44): CodeIgniter\CodeIgniter->run()
#5 {main}
CRITICAL - 2021-07-12 21:49:58 --> Undefined property: App\Controllers\Hello::$input
#0 /opt/lampp/htdocs/vms/backend/app/Controllers/Hello.php(10): CodeIgniter\Debug\Exceptions->errorHandler(8, 'Undefined prope...', '/opt/lampp/htdo...', 10, Array)
#1 /opt/lampp/htdocs/vms/backend/system/CodeIgniter.php(936): App\Controllers\Hello->index()
#2 /opt/lampp/htdocs/vms/backend/system/CodeIgniter.php(432): CodeIgniter\CodeIgniter->runController(Object(App\Controllers\Hello))
#3 /opt/lampp/htdocs/vms/backend/system/CodeIgniter.php(333): CodeIgniter\CodeIgniter->handleRequest(NULL, Object(Config\Cache), false)
#4 /opt/lampp/htdocs/vms/backend/public/index.php(44): CodeIgniter\CodeIgniter->run()
#5 {main}
CRITICAL - 2021-07-12 21:54:34 --> Undefined index: a
#0 /opt/lampp/htdocs/vms/backend/app/Controllers/Hello.php(11): CodeIgniter\Debug\Exceptions->errorHandler(8, 'Undefined index...', '/opt/lampp/htdo...', 11, Array)
#1 /opt/lampp/htdocs/vms/backend/system/CodeIgniter.php(936): App\Controllers\Hello->index()
#2 /opt/lampp/htdocs/vms/backend/system/CodeIgniter.php(432): CodeIgniter\CodeIgniter->runController(Object(App\Controllers\Hello))
#3 /opt/lampp/htdocs/vms/backend/system/CodeIgniter.php(333): CodeIgniter\CodeIgniter->handleRequest(NULL, Object(Config\Cache), false)
#4 /opt/lampp/htdocs/vms/backend/public/index.php(44): CodeIgniter\CodeIgniter->run()
#5 {main}
