CRITICAL - 2021-07-30 09:03:12 --> Undefined index: id
#0 /opt/lampp/htdocs/vms/backend/app/Controllers/Slot.php(86): CodeIgniter\Debug\Exceptions->errorHandler(8, 'Undefined index...', '/opt/lampp/htdo...', 86, Array)
#1 /opt/lampp/htdocs/vms/backend/system/CodeIgniter.php(936): App\Controllers\Slot->index()
#2 /opt/lampp/htdocs/vms/backend/system/CodeIgniter.php(432): CodeIgniter\CodeIgniter->runController(Object(App\Controllers\Slot))
#3 /opt/lampp/htdocs/vms/backend/system/CodeIgniter.php(333): CodeIgniter\CodeIgniter->handleRequest(NULL, Object(Config\Cache), false)
#4 /opt/lampp/htdocs/vms/backend/public/index.php(44): CodeIgniter\CodeIgniter->run()
#5 {main}
CRITICAL - 2021-07-30 09:03:12 --> Undefined index: id
#0 /opt/lampp/htdocs/vms/backend/app/Controllers/Slot.php(86): CodeIgniter\Debug\Exceptions->errorHandler(8, 'Undefined index...', '/opt/lampp/htdo...', 86, Array)
#1 /opt/lampp/htdocs/vms/backend/system/CodeIgniter.php(936): App\Controllers\Slot->index()
#2 /opt/lampp/htdocs/vms/backend/system/CodeIgniter.php(432): CodeIgniter\CodeIgniter->runController(Object(App\Controllers\Slot))
#3 /opt/lampp/htdocs/vms/backend/system/CodeIgniter.php(333): CodeIgniter\CodeIgniter->handleRequest(NULL, Object(Config\Cache), false)
#4 /opt/lampp/htdocs/vms/backend/public/index.php(44): CodeIgniter\CodeIgniter->run()
#5 {main}
CRITICAL - 2021-07-30 09:03:12 --> Undefined index: id
#0 /opt/lampp/htdocs/vms/backend/app/Controllers/Slot.php(86): CodeIgniter\Debug\Exceptions->errorHandler(8, 'Undefined index...', '/opt/lampp/htdo...', 86, Array)
#1 /opt/lampp/htdocs/vms/backend/system/CodeIgniter.php(936): App\Controllers\Slot->index()
#2 /opt/lampp/htdocs/vms/backend/system/CodeIgniter.php(432): CodeIgniter\CodeIgniter->runController(Object(App\Controllers\Slot))
#3 /opt/lampp/htdocs/vms/backend/system/CodeIgniter.php(333): CodeIgniter\CodeIgniter->handleRequest(NULL, Object(Config\Cache), false)
#4 /opt/lampp/htdocs/vms/backend/public/index.php(44): CodeIgniter\CodeIgniter->run()
#5 {main}
CRITICAL - 2021-07-30 19:01:18 --> Cannot use object of type stdClass as array
#0 /opt/lampp/htdocs/vms/backend/system/CodeIgniter.php(936): App\Controllers\Slot->index()
#1 /opt/lampp/htdocs/vms/backend/system/CodeIgniter.php(432): CodeIgniter\CodeIgniter->runController(Object(App\Controllers\Slot))
#2 /opt/lampp/htdocs/vms/backend/system/CodeIgniter.php(333): CodeIgniter\CodeIgniter->handleRequest(NULL, Object(Config\Cache), false)
#3 /opt/lampp/htdocs/vms/backend/public/index.php(44): CodeIgniter\CodeIgniter->run()
#4 {main}
