CRITICAL - 2021-07-15 17:57:07 --> syntax error, unexpected ';'
#0 /opt/lampp/htdocs/vms/backend/system/Autoloader/Autoloader.php(265): CodeIgniter\Autoloader\Autoloader->includeFile('/opt/lampp/htdo...')
#1 /opt/lampp/htdocs/vms/backend/system/Autoloader/Autoloader.php(228): CodeIgniter\Autoloader\Autoloader->loadInNamespace('App\\Controllers...')
#2 [internal function]: CodeIgniter\Autoloader\Autoloader->loadClass('App\\Controllers...')
#3 [internal function]: spl_autoload_call('App\\Controllers...')
#4 /opt/lampp/htdocs/vms/backend/system/CodeIgniter.php(893): class_exists('\\App\\Controller...', true)
#5 /opt/lampp/htdocs/vms/backend/system/CodeIgniter.php(417): CodeIgniter\CodeIgniter->startController()
#6 /opt/lampp/htdocs/vms/backend/system/CodeIgniter.php(333): CodeIgniter\CodeIgniter->handleRequest(NULL, Object(Config\Cache), false)
#7 /opt/lampp/htdocs/vms/backend/public/index.php(44): CodeIgniter\CodeIgniter->run()
#8 {main}
CRITICAL - 2021-07-15 18:28:48 --> Cannot use object of type stdClass as array
#0 /opt/lampp/htdocs/vms/backend/system/CodeIgniter.php(936): App\Controllers\Slot->index()
#1 /opt/lampp/htdocs/vms/backend/system/CodeIgniter.php(432): CodeIgniter\CodeIgniter->runController(Object(App\Controllers\Slot))
#2 /opt/lampp/htdocs/vms/backend/system/CodeIgniter.php(333): CodeIgniter\CodeIgniter->handleRequest(NULL, Object(Config\Cache), false)
#3 /opt/lampp/htdocs/vms/backend/public/index.php(44): CodeIgniter\CodeIgniter->run()
#4 {main}
CRITICAL - 2021-07-15 18:32:04 --> Trying to get property 'val' of non-object
#0 /opt/lampp/htdocs/vms/backend/app/Controllers/Hello.php(11): CodeIgniter\Debug\Exceptions->errorHandler(8, 'Trying to get p...', '/opt/lampp/htdo...', 11, Array)
#1 /opt/lampp/htdocs/vms/backend/system/CodeIgniter.php(936): App\Controllers\Hello->index()
#2 /opt/lampp/htdocs/vms/backend/system/CodeIgniter.php(432): CodeIgniter\CodeIgniter->runController(Object(App\Controllers\Hello))
#3 /opt/lampp/htdocs/vms/backend/system/CodeIgniter.php(333): CodeIgniter\CodeIgniter->handleRequest(NULL, Object(Config\Cache), false)
#4 /opt/lampp/htdocs/vms/backend/public/index.php(44): CodeIgniter\CodeIgniter->run()
#5 {main}
CRITICAL - 2021-07-15 18:33:44 --> Cannot use object of type stdClass as array
#0 /opt/lampp/htdocs/vms/backend/system/CodeIgniter.php(936): App\Controllers\Slot->index()
#1 /opt/lampp/htdocs/vms/backend/system/CodeIgniter.php(432): CodeIgniter\CodeIgniter->runController(Object(App\Controllers\Slot))
#2 /opt/lampp/htdocs/vms/backend/system/CodeIgniter.php(333): CodeIgniter\CodeIgniter->handleRequest(NULL, Object(Config\Cache), false)
#3 /opt/lampp/htdocs/vms/backend/public/index.php(44): CodeIgniter\CodeIgniter->run()
#4 {main}
CRITICAL - 2021-07-15 21:00:02 --> Too few arguments to function App\Libraries\SlotsModelLibrary::getAllVisitorSlots(), 0 passed in /opt/lampp/htdocs/vms/backend/app/Controllers/Slot.php on line 61 and exactly 1 expected
#0 /opt/lampp/htdocs/vms/backend/app/Controllers/Slot.php(61): App\Libraries\SlotsModelLibrary->getAllVisitorSlots()
#1 /opt/lampp/htdocs/vms/backend/system/CodeIgniter.php(936): App\Controllers\Slot->index()
#2 /opt/lampp/htdocs/vms/backend/system/CodeIgniter.php(432): CodeIgniter\CodeIgniter->runController(Object(App\Controllers\Slot))
#3 /opt/lampp/htdocs/vms/backend/system/CodeIgniter.php(333): CodeIgniter\CodeIgniter->handleRequest(NULL, Object(Config\Cache), false)
#4 /opt/lampp/htdocs/vms/backend/public/index.php(44): CodeIgniter\CodeIgniter->run()
#5 {main}
CRITICAL - 2021-07-15 21:12:39 --> Undefined index: role
#0 /opt/lampp/htdocs/vms/backend/app/Controllers/User.php(88): CodeIgniter\Debug\Exceptions->errorHandler(8, 'Undefined index...', '/opt/lampp/htdo...', 88, Array)
#1 /opt/lampp/htdocs/vms/backend/system/CodeIgniter.php(936): App\Controllers\User->index()
#2 /opt/lampp/htdocs/vms/backend/system/CodeIgniter.php(432): CodeIgniter\CodeIgniter->runController(Object(App\Controllers\User))
#3 /opt/lampp/htdocs/vms/backend/system/CodeIgniter.php(333): CodeIgniter\CodeIgniter->handleRequest(NULL, Object(Config\Cache), false)
#4 /opt/lampp/htdocs/vms/backend/public/index.php(44): CodeIgniter\CodeIgniter->run()
#5 {main}
CRITICAL - 2021-07-15 21:13:30 --> Cannot use object of type stdClass as array
#0 /opt/lampp/htdocs/vms/backend/system/CodeIgniter.php(936): App\Controllers\User->index()
#1 /opt/lampp/htdocs/vms/backend/system/CodeIgniter.php(432): CodeIgniter\CodeIgniter->runController(Object(App\Controllers\User))
#2 /opt/lampp/htdocs/vms/backend/system/CodeIgniter.php(333): CodeIgniter\CodeIgniter->handleRequest(NULL, Object(Config\Cache), false)
#3 /opt/lampp/htdocs/vms/backend/public/index.php(44): CodeIgniter\CodeIgniter->run()
#4 {main}
CRITICAL - 2021-07-15 21:42:45 --> Undefined property: App\Libraries\SlotsModelLibrary::$userModel
#0 /opt/lampp/htdocs/vms/backend/app/Libraries/SlotsModelLibrary.php(89): CodeIgniter\Debug\Exceptions->errorHandler(8, 'Undefined prope...', '/opt/lampp/htdo...', 89, Array)
#1 /opt/lampp/htdocs/vms/backend/app/Controllers/Slot.php(53): App\Libraries\SlotsModelLibrary->updationSlot('1', 'approved')
#2 /opt/lampp/htdocs/vms/backend/system/CodeIgniter.php(936): App\Controllers\Slot->update('1')
#3 /opt/lampp/htdocs/vms/backend/system/CodeIgniter.php(432): CodeIgniter\CodeIgniter->runController(Object(App\Controllers\Slot))
#4 /opt/lampp/htdocs/vms/backend/system/CodeIgniter.php(333): CodeIgniter\CodeIgniter->handleRequest(NULL, Object(Config\Cache), false)
#5 /opt/lampp/htdocs/vms/backend/public/index.php(44): CodeIgniter\CodeIgniter->run()
#6 {main}
