CRITICAL - 2021-05-05 02:01:49 --> Illegal string offset 'response'
#0 /opt/lampp/htdocs/vms/backend/app/Libraries/DataLibrary.php(39): CodeIgniter\Debug\Exceptions->errorHandler(2, 'Illegal string ...', '/opt/lampp/htdo...', 39, Array)
#1 /opt/lampp/htdocs/vms/backend/app/Controllers/User.php(27): App\Libraries\DataLibrary->getResponse('HELLo')
#2 /opt/lampp/htdocs/vms/backend/system/CodeIgniter.php(936): App\Controllers\User->create()
#3 /opt/lampp/htdocs/vms/backend/system/CodeIgniter.php(432): CodeIgniter\CodeIgniter->runController(Object(App\Controllers\User))
#4 /opt/lampp/htdocs/vms/backend/system/CodeIgniter.php(333): CodeIgniter\CodeIgniter->handleRequest(NULL, Object(Config\Cache), false)
#5 /opt/lampp/htdocs/vms/backend/public/index.php(44): CodeIgniter\CodeIgniter->run()
#6 {main}
CRITICAL - 2021-05-05 02:03:27 --> Illegal string offset 'response'
#0 /opt/lampp/htdocs/vms/backend/app/Libraries/DataLibrary.php(39): CodeIgniter\Debug\Exceptions->errorHandler(2, 'Illegal string ...', '/opt/lampp/htdo...', 39, Array)
#1 /opt/lampp/htdocs/vms/backend/app/Controllers/User.php(27): App\Libraries\DataLibrary->getResponse('HELLo')
#2 /opt/lampp/htdocs/vms/backend/system/CodeIgniter.php(936): App\Controllers\User->create()
#3 /opt/lampp/htdocs/vms/backend/system/CodeIgniter.php(432): CodeIgniter\CodeIgniter->runController(Object(App\Controllers\User))
#4 /opt/lampp/htdocs/vms/backend/system/CodeIgniter.php(333): CodeIgniter\CodeIgniter->handleRequest(NULL, Object(Config\Cache), false)
#5 /opt/lampp/htdocs/vms/backend/public/index.php(44): CodeIgniter\CodeIgniter->run()
#6 {main}
CRITICAL - 2021-05-05 02:05:34 --> Undefined index: response
#0 /opt/lampp/htdocs/vms/backend/app/Libraries/DataLibrary.php(39): CodeIgniter\Debug\Exceptions->errorHandler(8, 'Undefined index...', '/opt/lampp/htdo...', 39, Array)
#1 /opt/lampp/htdocs/vms/backend/app/Controllers/User.php(27): App\Libraries\DataLibrary->getResponse(Array)
#2 /opt/lampp/htdocs/vms/backend/system/CodeIgniter.php(936): App\Controllers\User->create()
#3 /opt/lampp/htdocs/vms/backend/system/CodeIgniter.php(432): CodeIgniter\CodeIgniter->runController(Object(App\Controllers\User))
#4 /opt/lampp/htdocs/vms/backend/system/CodeIgniter.php(333): CodeIgniter\CodeIgniter->handleRequest(NULL, Object(Config\Cache), false)
#5 /opt/lampp/htdocs/vms/backend/public/index.php(44): CodeIgniter\CodeIgniter->run()
#6 {main}
CRITICAL - 2021-05-05 02:20:19 --> Undefined index: user_additional_details
#0 /opt/lampp/htdocs/vms/backend/app/Libraries/UsersInputLibrary.php(38): CodeIgniter\Debug\Exceptions->errorHandler(8, 'Undefined index...', '/opt/lampp/htdo...', 38, Array)
#1 /opt/lampp/htdocs/vms/backend/app/Controllers/User.php(20): App\Libraries\UsersInputLibrary->getRegistrationInput()
#2 /opt/lampp/htdocs/vms/backend/system/CodeIgniter.php(936): App\Controllers\User->create()
#3 /opt/lampp/htdocs/vms/backend/system/CodeIgniter.php(432): CodeIgniter\CodeIgniter->runController(Object(App\Controllers\User))
#4 /opt/lampp/htdocs/vms/backend/system/CodeIgniter.php(333): CodeIgniter\CodeIgniter->handleRequest(NULL, Object(Config\Cache), false)
#5 /opt/lampp/htdocs/vms/backend/public/index.php(44): CodeIgniter\CodeIgniter->run()
#6 {main}
CRITICAL - 2021-05-05 10:54:59 --> Use of undefined constant _USER_ADDITONAL_DETAILS_ID - assumed '_USER_ADDITONAL_DETAILS_ID' (this will throw an Error in a future version of PHP)
#0 /opt/lampp/htdocs/vms/backend/app/Libraries/UsersModelLibrary.php(16): CodeIgniter\Debug\Exceptions->errorHandler(2, 'Use of undefine...', '/opt/lampp/htdo...', 16, Array)
#1 /opt/lampp/htdocs/vms/backend/app/Controllers/User.php(18): App\Libraries\UsersModelLibrary->__construct()
#2 /opt/lampp/htdocs/vms/backend/system/CodeIgniter.php(908): App\Controllers\User->__construct()
#3 /opt/lampp/htdocs/vms/backend/system/CodeIgniter.php(422): CodeIgniter\CodeIgniter->createController()
#4 /opt/lampp/htdocs/vms/backend/system/CodeIgniter.php(333): CodeIgniter\CodeIgniter->handleRequest(NULL, Object(Config\Cache), false)
#5 /opt/lampp/htdocs/vms/backend/public/index.php(44): CodeIgniter\CodeIgniter->run()
#6 {main}
CRITICAL - 2021-05-05 10:57:10 --> Use of undefined constant _USER_ADDITONAL_DETAILS_ID - assumed '_USER_ADDITONAL_DETAILS_ID' (this will throw an Error in a future version of PHP)
#0 /opt/lampp/htdocs/vms/backend/app/Libraries/UsersModelLibrary.php(16): CodeIgniter\Debug\Exceptions->errorHandler(2, 'Use of undefine...', '/opt/lampp/htdo...', 16, Array)
#1 /opt/lampp/htdocs/vms/backend/app/Controllers/User.php(18): App\Libraries\UsersModelLibrary->__construct()
#2 /opt/lampp/htdocs/vms/backend/system/CodeIgniter.php(908): App\Controllers\User->__construct()
#3 /opt/lampp/htdocs/vms/backend/system/CodeIgniter.php(422): CodeIgniter\CodeIgniter->createController()
#4 /opt/lampp/htdocs/vms/backend/system/CodeIgniter.php(333): CodeIgniter\CodeIgniter->handleRequest(NULL, Object(Config\Cache), false)
#5 /opt/lampp/htdocs/vms/backend/public/index.php(44): CodeIgniter\CodeIgniter->run()
#6 {main}
ERROR - 2021-05-05 10:58:36 --> mysqli_sql_exception: Unknown column 'address_line_1' in 'field list' in /opt/lampp/htdocs/vms/backend/system/Database/MySQLi/Connection.php:314
Stack trace:
#0 /opt/lampp/htdocs/vms/backend/system/Database/MySQLi/Connection.php(314): mysqli->query('INSERT INTO `Us...')
#1 /opt/lampp/htdocs/vms/backend/system/Database/BaseConnection.php(713): CodeIgniter\Database\MySQLi\Connection->execute('INSERT INTO `Us...')
#2 /opt/lampp/htdocs/vms/backend/system/Database/BaseConnection.php(641): CodeIgniter\Database\BaseConnection->simpleQuery('INSERT INTO `Us...')
#3 /opt/lampp/htdocs/vms/backend/system/Database/BaseBuilder.php(2263): CodeIgniter\Database\BaseConnection->query('INSERT INTO `Us...', Array, false)
#4 /opt/lampp/htdocs/vms/backend/system/Model.php(278): CodeIgniter\Database\BaseBuilder->insert()
#5 /opt/lampp/htdocs/vms/backend/system/BaseModel.php(758): CodeIgniter\Model->doInsert(Array)
#6 /opt/lampp/htdocs/vms/backend/system/Model.php(705): CodeIgniter\BaseModel->insert(Array, true)
#7 /opt/lampp/htdocs/vms/backend/app/Libraries/AddressesModelLibrary.php(30): CodeIgniter\Model->insert(Array)
#8 /opt/lampp/htdocs/vms/backend/app/Controllers/User.php(34): App\Libraries\AddressesModelLibrary->insertionAddress(Array)
#9 /opt/lampp/htdocs/vms/backend/system/CodeIgniter.php(936): App\Controllers\User->create()
#10 /opt/lampp/htdocs/vms/backend/system/CodeIgniter.php(432): CodeIgniter\CodeIgniter->runController(Object(App\Controllers\User))
#11 /opt/lampp/htdocs/vms/backend/system/CodeIgniter.php(333): CodeIgniter\CodeIgniter->handleRequest(NULL, Object(Config\Cache), false)
#12 /opt/lampp/htdocs/vms/backend/public/index.php(44): CodeIgniter\CodeIgniter->run()
#13 {main}
CRITICAL - 2021-05-05 10:58:36 --> Unknown column 'address_line_1' in 'field list'
#0 /opt/lampp/htdocs/vms/backend/system/Database/MySQLi/Connection.php(314): mysqli->query('INSERT INTO `Us...')
#1 /opt/lampp/htdocs/vms/backend/system/Database/BaseConnection.php(713): CodeIgniter\Database\MySQLi\Connection->execute('INSERT INTO `Us...')
#2 /opt/lampp/htdocs/vms/backend/system/Database/BaseConnection.php(641): CodeIgniter\Database\BaseConnection->simpleQuery('INSERT INTO `Us...')
#3 /opt/lampp/htdocs/vms/backend/system/Database/BaseBuilder.php(2263): CodeIgniter\Database\BaseConnection->query('INSERT INTO `Us...', Array, false)
#4 /opt/lampp/htdocs/vms/backend/system/Model.php(278): CodeIgniter\Database\BaseBuilder->insert()
#5 /opt/lampp/htdocs/vms/backend/system/BaseModel.php(758): CodeIgniter\Model->doInsert(Array)
#6 /opt/lampp/htdocs/vms/backend/system/Model.php(705): CodeIgniter\BaseModel->insert(Array, true)
#7 /opt/lampp/htdocs/vms/backend/app/Libraries/AddressesModelLibrary.php(30): CodeIgniter\Model->insert(Array)
#8 /opt/lampp/htdocs/vms/backend/app/Controllers/User.php(34): App\Libraries\AddressesModelLibrary->insertionAddress(Array)
#9 /opt/lampp/htdocs/vms/backend/system/CodeIgniter.php(936): App\Controllers\User->create()
#10 /opt/lampp/htdocs/vms/backend/system/CodeIgniter.php(432): CodeIgniter\CodeIgniter->runController(Object(App\Controllers\User))
#11 /opt/lampp/htdocs/vms/backend/system/CodeIgniter.php(333): CodeIgniter\CodeIgniter->handleRequest(NULL, Object(Config\Cache), false)
#12 /opt/lampp/htdocs/vms/backend/public/index.php(44): CodeIgniter\CodeIgniter->run()
#13 {main}
CRITICAL - 2021-05-05 11:01:35 --> Undefined property: App\Libraries\UsersModelLibrary::$userModel
#0 /opt/lampp/htdocs/vms/backend/app/Libraries/UsersModelLibrary.php(27): CodeIgniter\Debug\Exceptions->errorHandler(8, 'Undefined prope...', '/opt/lampp/htdo...', 27, Array)
#1 /opt/lampp/htdocs/vms/backend/app/Libraries/UsersModelLibrary.php(53): App\Libraries\UsersModelLibrary->isUserAlreadyExists('abcd')
#2 /opt/lampp/htdocs/vms/backend/app/Controllers/User.php(37): App\Libraries\UsersModelLibrary->insertionUser(Array)
#3 /opt/lampp/htdocs/vms/backend/system/CodeIgniter.php(936): App\Controllers\User->create()
#4 /opt/lampp/htdocs/vms/backend/system/CodeIgniter.php(432): CodeIgniter\CodeIgniter->runController(Object(App\Controllers\User))
#5 /opt/lampp/htdocs/vms/backend/system/CodeIgniter.php(333): CodeIgniter\CodeIgniter->handleRequest(NULL, Object(Config\Cache), false)
#6 /opt/lampp/htdocs/vms/backend/public/index.php(44): CodeIgniter\CodeIgniter->run()
#7 {main}
CRITICAL - 2021-05-05 11:02:10 --> Trying to access array offset on value of type bool
#0 /opt/lampp/htdocs/vms/backend/app/Libraries/UsersModelLibrary.php(60): CodeIgniter\Debug\Exceptions->errorHandler(8, 'Trying to acces...', '/opt/lampp/htdo...', 60, Array)
#1 /opt/lampp/htdocs/vms/backend/app/Controllers/User.php(37): App\Libraries\UsersModelLibrary->insertionUser(Array)
#2 /opt/lampp/htdocs/vms/backend/system/CodeIgniter.php(936): App\Controllers\User->create()
#3 /opt/lampp/htdocs/vms/backend/system/CodeIgniter.php(432): CodeIgniter\CodeIgniter->runController(Object(App\Controllers\User))
#4 /opt/lampp/htdocs/vms/backend/system/CodeIgniter.php(333): CodeIgniter\CodeIgniter->handleRequest(NULL, Object(Config\Cache), false)
#5 /opt/lampp/htdocs/vms/backend/public/index.php(44): CodeIgniter\CodeIgniter->run()
#6 {main}
